CRITICAL - 2022-05-26 07:09:22 --> syntax error, unexpected ')', expecting ';' or ','
#0 C:\xampp\htdocs\oclm\system\View\View.php(213): CodeIgniter\View\View->CodeIgniter\View\{closure}()
#1 C:\xampp\htdocs\oclm\system\Common.php(1089): CodeIgniter\View\View->render('Modules\\Admin\\V...', Array, true)
#2 C:\xampp\htdocs\oclm\olm\Admin\Controllers\Translations.php(88): view('Modules\\Admin\\V...', Array)
#3 C:\xampp\htdocs\oclm\system\CodeIgniter.php(832): Modules\Admin\Controllers\Translations->index('Finnish')
#4 C:\xampp\htdocs\oclm\system\CodeIgniter.php(419): CodeIgniter\CodeIgniter->runController(Object(Modules\Admin\Controllers\Translations))
#5 C:\xampp\htdocs\oclm\system\CodeIgniter.php(326): CodeIgniter\CodeIgniter->handleRequest(NULL, Object(Config\Cache), false)
#6 C:\xampp\htdocs\oclm\index.php(37): CodeIgniter\CodeIgniter->run()
#7 {main}
CRITICAL - 2022-05-26 07:15:29 --> syntax error, unexpected '}', expecting ';' or ','
#0 C:\xampp\htdocs\oclm\system\View\View.php(213): CodeIgniter\View\View->CodeIgniter\View\{closure}()
#1 C:\xampp\htdocs\oclm\system\Common.php(1089): CodeIgniter\View\View->render('Modules\\Admin\\V...', Array, true)
#2 C:\xampp\htdocs\oclm\olm\Admin\Controllers\Translations.php(88): view('Modules\\Admin\\V...', Array)
#3 C:\xampp\htdocs\oclm\system\CodeIgniter.php(832): Modules\Admin\Controllers\Translations->index('Finnish')
#4 C:\xampp\htdocs\oclm\system\CodeIgniter.php(419): CodeIgniter\CodeIgniter->runController(Object(Modules\Admin\Controllers\Translations))
#5 C:\xampp\htdocs\oclm\system\CodeIgniter.php(326): CodeIgniter\CodeIgniter->handleRequest(NULL, Object(Config\Cache), false)
#6 C:\xampp\htdocs\oclm\index.php(37): CodeIgniter\CodeIgniter->run()
#7 {main}
CRITICAL - 2022-05-26 07:15:38 --> syntax error, unexpected '}', expecting ';' or ','
#0 C:\xampp\htdocs\oclm\system\View\View.php(213): CodeIgniter\View\View->CodeIgniter\View\{closure}()
#1 C:\xampp\htdocs\oclm\system\Common.php(1089): CodeIgniter\View\View->render('Modules\\Admin\\V...', Array, true)
#2 C:\xampp\htdocs\oclm\olm\Admin\Controllers\Translations.php(88): view('Modules\\Admin\\V...', Array)
#3 C:\xampp\htdocs\oclm\system\CodeIgniter.php(832): Modules\Admin\Controllers\Translations->index('Finnish')
#4 C:\xampp\htdocs\oclm\system\CodeIgniter.php(419): CodeIgniter\CodeIgniter->runController(Object(Modules\Admin\Controllers\Translations))
#5 C:\xampp\htdocs\oclm\system\CodeIgniter.php(326): CodeIgniter\CodeIgniter->handleRequest(NULL, Object(Config\Cache), false)
#6 C:\xampp\htdocs\oclm\index.php(37): CodeIgniter\CodeIgniter->run()
#7 {main}
