CRITICAL - 2022-05-24 03:34:05 --> Undefined variable: perpage
#0 C:\xampp\htdocs\oclm\olm\Admin\Controllers\Translations.php(52): CodeIgniter\Debug\Exceptions->errorHandler(8, 'Undefined varia...', 'C:\\xampp\\htdocs...', 52, Array)
#1 C:\xampp\htdocs\oclm\system\CodeIgniter.php(832): Modules\Admin\Controllers\Translations->index('Finnish')
#2 C:\xampp\htdocs\oclm\system\CodeIgniter.php(419): CodeIgniter\CodeIgniter->runController(Object(Modules\Admin\Controllers\Translations))
#3 C:\xampp\htdocs\oclm\system\CodeIgniter.php(326): CodeIgniter\CodeIgniter->handleRequest(NULL, Object(Config\Cache), false)
#4 C:\xampp\htdocs\oclm\index.php(37): CodeIgniter\CodeIgniter->run()
#5 {main}
CRITICAL - 2022-05-24 04:52:44 --> Undefined variable: page
#0 C:\xampp\htdocs\oclm\olm\Admin\Controllers\Translations.php(53): CodeIgniter\Debug\Exceptions->errorHandler(8, 'Undefined varia...', 'C:\\xampp\\htdocs...', 53, Array)
#1 C:\xampp\htdocs\oclm\system\CodeIgniter.php(832): Modules\Admin\Controllers\Translations->index('Finnish')
#2 C:\xampp\htdocs\oclm\system\CodeIgniter.php(419): CodeIgniter\CodeIgniter->runController(Object(Modules\Admin\Controllers\Translations))
#3 C:\xampp\htdocs\oclm\system\CodeIgniter.php(326): CodeIgniter\CodeIgniter->handleRequest(NULL, Object(Config\Cache), false)
#4 C:\xampp\htdocs\oclm\index.php(37): CodeIgniter\CodeIgniter->run()
#5 {main}
CRITICAL - 2022-05-24 04:52:45 --> Undefined variable: page
#0 C:\xampp\htdocs\oclm\olm\Admin\Controllers\Translations.php(53): CodeIgniter\Debug\Exceptions->errorHandler(8, 'Undefined varia...', 'C:\\xampp\\htdocs...', 53, Array)
#1 C:\xampp\htdocs\oclm\system\CodeIgniter.php(832): Modules\Admin\Controllers\Translations->index('Finnish')
#2 C:\xampp\htdocs\oclm\system\CodeIgniter.php(419): CodeIgniter\CodeIgniter->runController(Object(Modules\Admin\Controllers\Translations))
#3 C:\xampp\htdocs\oclm\system\CodeIgniter.php(326): CodeIgniter\CodeIgniter->handleRequest(NULL, Object(Config\Cache), false)
#4 C:\xampp\htdocs\oclm\index.php(37): CodeIgniter\CodeIgniter->run()
#5 {main}
CRITICAL - 2022-05-24 04:52:46 --> Undefined variable: page
#0 C:\xampp\htdocs\oclm\olm\Admin\Controllers\Translations.php(53): CodeIgniter\Debug\Exceptions->errorHandler(8, 'Undefined varia...', 'C:\\xampp\\htdocs...', 53, Array)
#1 C:\xampp\htdocs\oclm\system\CodeIgniter.php(832): Modules\Admin\Controllers\Translations->index('Finnish')
#2 C:\xampp\htdocs\oclm\system\CodeIgniter.php(419): CodeIgniter\CodeIgniter->runController(Object(Modules\Admin\Controllers\Translations))
#3 C:\xampp\htdocs\oclm\system\CodeIgniter.php(326): CodeIgniter\CodeIgniter->handleRequest(NULL, Object(Config\Cache), false)
#4 C:\xampp\htdocs\oclm\index.php(37): CodeIgniter\CodeIgniter->run()
#5 {main}
CRITICAL - 2022-05-24 04:52:50 --> Undefined variable: page
#0 C:\xampp\htdocs\oclm\olm\Admin\Controllers\Translations.php(53): CodeIgniter\Debug\Exceptions->errorHandler(8, 'Undefined varia...', 'C:\\xampp\\htdocs...', 53, Array)
#1 C:\xampp\htdocs\oclm\system\CodeIgniter.php(832): Modules\Admin\Controllers\Translations->index('Finnish')
#2 C:\xampp\htdocs\oclm\system\CodeIgniter.php(419): CodeIgniter\CodeIgniter->runController(Object(Modules\Admin\Controllers\Translations))
#3 C:\xampp\htdocs\oclm\system\CodeIgniter.php(326): CodeIgniter\CodeIgniter->handleRequest(NULL, Object(Config\Cache), false)
#4 C:\xampp\htdocs\oclm\index.php(37): CodeIgniter\CodeIgniter->run()
#5 {main}
CRITICAL - 2022-05-24 04:53:19 --> Undefined variable: pending_entries
#0 C:\xampp\htdocs\oclm\olm\Admin\Views\translations.php(90): CodeIgniter\Debug\Exceptions->errorHandler(8, 'Undefined varia...', 'C:\\xampp\\htdocs...', 90, Array)
#1 C:\xampp\htdocs\oclm\system\View\View.php(210): include('C:\\xampp\\htdocs...')
#2 C:\xampp\htdocs\oclm\system\View\View.php(213): CodeIgniter\View\View->CodeIgniter\View\{closure}()
#3 C:\xampp\htdocs\oclm\system\Common.php(1089): CodeIgniter\View\View->render('Modules\\Admin\\V...', Array, true)
#4 C:\xampp\htdocs\oclm\olm\Admin\Controllers\Translations.php(68): view('Modules\\Admin\\V...', Array)
#5 C:\xampp\htdocs\oclm\system\CodeIgniter.php(832): Modules\Admin\Controllers\Translations->index('Finnish')
#6 C:\xampp\htdocs\oclm\system\CodeIgniter.php(419): CodeIgniter\CodeIgniter->runController(Object(Modules\Admin\Controllers\Translations))
#7 C:\xampp\htdocs\oclm\system\CodeIgniter.php(326): CodeIgniter\CodeIgniter->handleRequest(NULL, Object(Config\Cache), false)
#8 C:\xampp\htdocs\oclm\index.php(37): CodeIgniter\CodeIgniter->run()
#9 {main}
CRITICAL - 2022-05-24 04:53:38 --> Undefined variable: translators
#0 C:\xampp\htdocs\oclm\olm\Admin\Views\unassigned_translations.php(188): CodeIgniter\Debug\Exceptions->errorHandler(8, 'Undefined varia...', 'C:\\xampp\\htdocs...', 188, Array)
#1 C:\xampp\htdocs\oclm\system\View\View.php(210): include('C:\\xampp\\htdocs...')
#2 C:\xampp\htdocs\oclm\system\View\View.php(213): CodeIgniter\View\View->CodeIgniter\View\{closure}()
#3 C:\xampp\htdocs\oclm\system\Common.php(1089): CodeIgniter\View\View->render('Modules\\Admin\\V...', Array, true)
#4 C:\xampp\htdocs\oclm\olm\Admin\Controllers\Translations.php(103): view('Modules\\Admin\\V...', Array)
#5 C:\xampp\htdocs\oclm\system\CodeIgniter.php(832): Modules\Admin\Controllers\Translations->unassigned_translations('Finnish')
#6 C:\xampp\htdocs\oclm\system\CodeIgniter.php(419): CodeIgniter\CodeIgniter->runController(Object(Modules\Admin\Controllers\Translations))
#7 C:\xampp\htdocs\oclm\system\CodeIgniter.php(326): CodeIgniter\CodeIgniter->handleRequest(NULL, Object(Config\Cache), false)
#8 C:\xampp\htdocs\oclm\index.php(37): CodeIgniter\CodeIgniter->run()
#9 {main}
CRITICAL - 2022-05-24 04:54:33 --> Undefined variable: translators
#0 C:\xampp\htdocs\oclm\olm\Admin\Views\unassigned_translations.php(188): CodeIgniter\Debug\Exceptions->errorHandler(8, 'Undefined varia...', 'C:\\xampp\\htdocs...', 188, Array)
#1 C:\xampp\htdocs\oclm\system\View\View.php(210): include('C:\\xampp\\htdocs...')
#2 C:\xampp\htdocs\oclm\system\View\View.php(213): CodeIgniter\View\View->CodeIgniter\View\{closure}()
#3 C:\xampp\htdocs\oclm\system\Common.php(1089): CodeIgniter\View\View->render('Modules\\Admin\\V...', Array, true)
#4 C:\xampp\htdocs\oclm\olm\Admin\Controllers\Translations.php(103): view('Modules\\Admin\\V...', Array)
#5 C:\xampp\htdocs\oclm\system\CodeIgniter.php(832): Modules\Admin\Controllers\Translations->unassigned_translations('Finnish')
#6 C:\xampp\htdocs\oclm\system\CodeIgniter.php(419): CodeIgniter\CodeIgniter->runController(Object(Modules\Admin\Controllers\Translations))
#7 C:\xampp\htdocs\oclm\system\CodeIgniter.php(326): CodeIgniter\CodeIgniter->handleRequest(NULL, Object(Config\Cache), false)
#8 C:\xampp\htdocs\oclm\index.php(37): CodeIgniter\CodeIgniter->run()
#9 {main}
CRITICAL - 2022-05-24 04:54:45 --> Undefined variable: pending_entries
#0 C:\xampp\htdocs\oclm\olm\Admin\Views\reminders.php(90): CodeIgniter\Debug\Exceptions->errorHandler(8, 'Undefined varia...', 'C:\\xampp\\htdocs...', 90, Array)
#1 C:\xampp\htdocs\oclm\system\View\View.php(210): include('C:\\xampp\\htdocs...')
#2 C:\xampp\htdocs\oclm\system\View\View.php(213): CodeIgniter\View\View->CodeIgniter\View\{closure}()
#3 C:\xampp\htdocs\oclm\system\Common.php(1089): CodeIgniter\View\View->render('Modules\\Admin\\V...', Array, true)
#4 C:\xampp\htdocs\oclm\olm\Admin\Controllers\Translations.php(219): view('Modules\\Admin\\V...', Array)
#5 C:\xampp\htdocs\oclm\system\CodeIgniter.php(832): Modules\Admin\Controllers\Translations->reminders('Finnish')
#6 C:\xampp\htdocs\oclm\system\CodeIgniter.php(419): CodeIgniter\CodeIgniter->runController(Object(Modules\Admin\Controllers\Translations))
#7 C:\xampp\htdocs\oclm\system\CodeIgniter.php(326): CodeIgniter\CodeIgniter->handleRequest(NULL, Object(Config\Cache), false)
#8 C:\xampp\htdocs\oclm\index.php(37): CodeIgniter\CodeIgniter->run()
#9 {main}
CRITICAL - 2022-05-24 05:11:11 --> Undefined variable: translators
#0 C:\xampp\htdocs\oclm\olm\Admin\Views\translations.php(265): CodeIgniter\Debug\Exceptions->errorHandler(8, 'Undefined varia...', 'C:\\xampp\\htdocs...', 265, Array)
#1 C:\xampp\htdocs\oclm\system\View\View.php(210): include('C:\\xampp\\htdocs...')
#2 C:\xampp\htdocs\oclm\system\View\View.php(213): CodeIgniter\View\View->CodeIgniter\View\{closure}()
#3 C:\xampp\htdocs\oclm\system\Common.php(1089): CodeIgniter\View\View->render('Modules\\Admin\\V...', Array, true)
#4 C:\xampp\htdocs\oclm\olm\Admin\Controllers\Translations.php(68): view('Modules\\Admin\\V...', Array)
#5 C:\xampp\htdocs\oclm\system\CodeIgniter.php(832): Modules\Admin\Controllers\Translations->index('Finnish')
#6 C:\xampp\htdocs\oclm\system\CodeIgniter.php(419): CodeIgniter\CodeIgniter->runController(Object(Modules\Admin\Controllers\Translations))
#7 C:\xampp\htdocs\oclm\system\CodeIgniter.php(326): CodeIgniter\CodeIgniter->handleRequest(NULL, Object(Config\Cache), false)
#8 C:\xampp\htdocs\oclm\index.php(37): CodeIgniter\CodeIgniter->run()
#9 {main}
ERROR - 2022-05-24 05:23:28 --> Email: sendWithMail throwed mail(): Failed to connect to mailserver at &quot;localhost&quot; port 25, verify your &quot;SMTP&quot; and &quot;smtp_port&quot; setting in php.ini or use ini_set()
ERROR - 2022-05-24 05:46:35 --> Email: sendWithMail throwed mail(): Failed to connect to mailserver at &quot;localhost&quot; port 25, verify your &quot;SMTP&quot; and &quot;smtp_port&quot; setting in php.ini or use ini_set()
ERROR - 2022-05-24 05:46:47 --> Email: sendWithMail throwed mail(): Failed to connect to mailserver at &quot;localhost&quot; port 25, verify your &quot;SMTP&quot; and &quot;smtp_port&quot; setting in php.ini or use ini_set()
ERROR - 2022-05-24 05:47:02 --> Email: sendWithMail throwed mail(): Failed to connect to mailserver at &quot;localhost&quot; port 25, verify your &quot;SMTP&quot; and &quot;smtp_port&quot; setting in php.ini or use ini_set()
ERROR - 2022-05-24 05:47:17 --> Email: sendWithMail throwed mail(): Failed to connect to mailserver at &quot;localhost&quot; port 25, verify your &quot;SMTP&quot; and &quot;smtp_port&quot; setting in php.ini or use ini_set()
ERROR - 2022-05-24 05:47:38 --> Email: sendWithMail throwed mail(): Failed to connect to mailserver at &quot;localhost&quot; port 25, verify your &quot;SMTP&quot; and &quot;smtp_port&quot; setting in php.ini or use ini_set()
ERROR - 2022-05-24 05:48:05 --> Email: sendWithMail throwed mail(): Failed to connect to mailserver at &quot;localhost&quot; port 25, verify your &quot;SMTP&quot; and &quot;smtp_port&quot; setting in php.ini or use ini_set()
ERROR - 2022-05-24 06:06:51 --> Email: sendWithMail throwed mail(): Failed to connect to mailserver at &quot;localhost&quot; port 25, verify your &quot;SMTP&quot; and &quot;smtp_port&quot; setting in php.ini or use ini_set()
ERROR - 2022-05-24 06:07:04 --> Email: sendWithMail throwed mail(): Failed to connect to mailserver at &quot;localhost&quot; port 25, verify your &quot;SMTP&quot; and &quot;smtp_port&quot; setting in php.ini or use ini_set()
ERROR - 2022-05-24 06:07:27 --> Email: sendWithMail throwed mail(): Failed to connect to mailserver at &quot;localhost&quot; port 25, verify your &quot;SMTP&quot; and &quot;smtp_port&quot; setting in php.ini or use ini_set()
ERROR - 2022-05-24 06:08:24 --> Email: sendWithMail throwed mail(): Failed to connect to mailserver at &quot;localhost&quot; port 25, verify your &quot;SMTP&quot; and &quot;smtp_port&quot; setting in php.ini or use ini_set()
ERROR - 2022-05-24 06:08:34 --> Email: sendWithMail throwed mail(): Failed to connect to mailserver at &quot;localhost&quot; port 25, verify your &quot;SMTP&quot; and &quot;smtp_port&quot; setting in php.ini or use ini_set()
ERROR - 2022-05-24 06:48:02 --> You have an error in your SQL syntax; check the manual that corresponds to your MariaDB server version for the right syntax to use near 'DISTINCT t.LangKeyWord like "%%" OR t.LangValue like "%%") AND (t.Status = 2 ...' at line 1
CRITICAL - 2022-05-24 06:48:02 --> You have an error in your SQL syntax; check the manual that corresponds to your MariaDB server version for the right syntax to use near 'DISTINCT t.LangKeyWord like "%%" OR t.LangValue like "%%") AND (t.Status = 2 ...' at line 1
#0 C:\xampp\htdocs\oclm\system\Database\MySQLi\Connection.php(292): mysqli->query('SELECT  @a:=@a+...', 0)
#1 C:\xampp\htdocs\oclm\system\Database\BaseConnection.php(670): CodeIgniter\Database\MySQLi\Connection->execute('SELECT  @a:=@a+...')
#2 C:\xampp\htdocs\oclm\system\Database\BaseConnection.php(598): CodeIgniter\Database\BaseConnection->simpleQuery('SELECT  @a:=@a+...')
#3 C:\xampp\htdocs\oclm\olm\Admin\Models\TranslationsModel.php(237): CodeIgniter\Database\BaseConnection->query('SELECT  @a:=@a+...')
#4 C:\xampp\htdocs\oclm\olm\Admin\Controllers\Translations.php(164): Modules\Admin\Models\TranslationsModel->export_reminders_and_issues('English', 'AND (t.Status =...', '')
#5 C:\xampp\htdocs\oclm\system\CodeIgniter.php(832): Modules\Admin\Controllers\Translations->assigned_translations('English')
#6 C:\xampp\htdocs\oclm\system\CodeIgniter.php(419): CodeIgniter\CodeIgniter->runController(Object(Modules\Admin\Controllers\Translations))
#7 C:\xampp\htdocs\oclm\system\CodeIgniter.php(326): CodeIgniter\CodeIgniter->handleRequest(NULL, Object(Config\Cache), false)
#8 C:\xampp\htdocs\oclm\index.php(37): CodeIgniter\CodeIgniter->run()
#9 {main}
ERROR - 2022-05-24 06:48:20 --> You have an error in your SQL syntax; check the manual that corresponds to your MariaDB server version for the right syntax to use near 'DISTINCT t.LangKeyWord like "%%" OR t.LangValue like "%%") AND (t.Status = 2 ...' at line 1
CRITICAL - 2022-05-24 06:48:20 --> You have an error in your SQL syntax; check the manual that corresponds to your MariaDB server version for the right syntax to use near 'DISTINCT t.LangKeyWord like "%%" OR t.LangValue like "%%") AND (t.Status = 2 ...' at line 1
#0 C:\xampp\htdocs\oclm\system\Database\MySQLi\Connection.php(292): mysqli->query('SELECT  @a:=@a+...', 0)
#1 C:\xampp\htdocs\oclm\system\Database\BaseConnection.php(670): CodeIgniter\Database\MySQLi\Connection->execute('SELECT  @a:=@a+...')
#2 C:\xampp\htdocs\oclm\system\Database\BaseConnection.php(598): CodeIgniter\Database\BaseConnection->simpleQuery('SELECT  @a:=@a+...')
#3 C:\xampp\htdocs\oclm\olm\Admin\Models\TranslationsModel.php(237): CodeIgniter\Database\BaseConnection->query('SELECT  @a:=@a+...')
#4 C:\xampp\htdocs\oclm\olm\Admin\Controllers\Translations.php(164): Modules\Admin\Models\TranslationsModel->export_reminders_and_issues('English', 'AND (t.Status =...', '')
#5 C:\xampp\htdocs\oclm\system\CodeIgniter.php(832): Modules\Admin\Controllers\Translations->assigned_translations('English')
#6 C:\xampp\htdocs\oclm\system\CodeIgniter.php(419): CodeIgniter\CodeIgniter->runController(Object(Modules\Admin\Controllers\Translations))
#7 C:\xampp\htdocs\oclm\system\CodeIgniter.php(326): CodeIgniter\CodeIgniter->handleRequest(NULL, Object(Config\Cache), false)
#8 C:\xampp\htdocs\oclm\index.php(37): CodeIgniter\CodeIgniter->run()
#9 {main}
ERROR - 2022-05-24 06:49:02 --> You have an error in your SQL syntax; check the manual that corresponds to your MariaDB server version for the right syntax to use near 'DISTINCT t.LangKeyWord like "%%" OR t.LangValue like "%%") AND (t.Status = 2 ...' at line 1
CRITICAL - 2022-05-24 06:49:02 --> You have an error in your SQL syntax; check the manual that corresponds to your MariaDB server version for the right syntax to use near 'DISTINCT t.LangKeyWord like "%%" OR t.LangValue like "%%") AND (t.Status = 2 ...' at line 1
#0 C:\xampp\htdocs\oclm\system\Database\MySQLi\Connection.php(292): mysqli->query('SELECT  @a:=@a+...', 0)
#1 C:\xampp\htdocs\oclm\system\Database\BaseConnection.php(670): CodeIgniter\Database\MySQLi\Connection->execute('SELECT  @a:=@a+...')
#2 C:\xampp\htdocs\oclm\system\Database\BaseConnection.php(598): CodeIgniter\Database\BaseConnection->simpleQuery('SELECT  @a:=@a+...')
#3 C:\xampp\htdocs\oclm\olm\Admin\Models\TranslationsModel.php(237): CodeIgniter\Database\BaseConnection->query('SELECT  @a:=@a+...')
#4 C:\xampp\htdocs\oclm\olm\Admin\Controllers\Translations.php(164): Modules\Admin\Models\TranslationsModel->export_reminders_and_issues('English', 'AND (t.Status =...', '')
#5 C:\xampp\htdocs\oclm\system\CodeIgniter.php(832): Modules\Admin\Controllers\Translations->assigned_translations('English')
#6 C:\xampp\htdocs\oclm\system\CodeIgniter.php(419): CodeIgniter\CodeIgniter->runController(Object(Modules\Admin\Controllers\Translations))
#7 C:\xampp\htdocs\oclm\system\CodeIgniter.php(326): CodeIgniter\CodeIgniter->handleRequest(NULL, Object(Config\Cache), false)
#8 C:\xampp\htdocs\oclm\index.php(37): CodeIgniter\CodeIgniter->run()
#9 {main}
ERROR - 2022-05-24 06:49:13 --> You have an error in your SQL syntax; check the manual that corresponds to your MariaDB server version for the right syntax to use near 'DISTINCT t.LangKeyWord like "%%" OR t.LangValue like "%%") AND (t.Status = 2 ...' at line 1
CRITICAL - 2022-05-24 06:49:13 --> You have an error in your SQL syntax; check the manual that corresponds to your MariaDB server version for the right syntax to use near 'DISTINCT t.LangKeyWord like "%%" OR t.LangValue like "%%") AND (t.Status = 2 ...' at line 1
#0 C:\xampp\htdocs\oclm\system\Database\MySQLi\Connection.php(292): mysqli->query('SELECT  @a:=@a+...', 0)
#1 C:\xampp\htdocs\oclm\system\Database\BaseConnection.php(670): CodeIgniter\Database\MySQLi\Connection->execute('SELECT  @a:=@a+...')
#2 C:\xampp\htdocs\oclm\system\Database\BaseConnection.php(598): CodeIgniter\Database\BaseConnection->simpleQuery('SELECT  @a:=@a+...')
#3 C:\xampp\htdocs\oclm\olm\Admin\Models\TranslationsModel.php(237): CodeIgniter\Database\BaseConnection->query('SELECT  @a:=@a+...')
#4 C:\xampp\htdocs\oclm\olm\Admin\Controllers\Translations.php(164): Modules\Admin\Models\TranslationsModel->export_reminders_and_issues('English', 'AND (t.Status =...', '')
#5 C:\xampp\htdocs\oclm\system\CodeIgniter.php(832): Modules\Admin\Controllers\Translations->assigned_translations('English')
#6 C:\xampp\htdocs\oclm\system\CodeIgniter.php(419): CodeIgniter\CodeIgniter->runController(Object(Modules\Admin\Controllers\Translations))
#7 C:\xampp\htdocs\oclm\system\CodeIgniter.php(326): CodeIgniter\CodeIgniter->handleRequest(NULL, Object(Config\Cache), false)
#8 C:\xampp\htdocs\oclm\index.php(37): CodeIgniter\CodeIgniter->run()
#9 {main}
ERROR - 2022-05-24 07:13:10 --> Error connecting to the database: No connection could be made because the target machine actively refused it.

CRITICAL - 2022-05-24 07:13:10 --> Unable to connect to the database.
Main connection [MySQLi]: No connection could be made because the target machine actively refused it.

#0 C:\xampp\htdocs\oclm\system\Database\BaseConnection.php(577): CodeIgniter\Database\BaseConnection->initialize()
#1 C:\xampp\htdocs\oclm\system\Database\BaseBuilder.php(1455): CodeIgniter\Database\BaseConnection->query('SELECT `Display...', Array, false)
#2 C:\xampp\htdocs\oclm\system\Model.php(728): CodeIgniter\Database\BaseBuilder->get()
#3 C:\xampp\htdocs\oclm\olm\Admin\Controllers\Translations.php(113): CodeIgniter\Model->__call('get', Array)
#4 C:\xampp\htdocs\oclm\system\CodeIgniter.php(832): Modules\Admin\Controllers\Translations->assigned_translations('English')
#5 C:\xampp\htdocs\oclm\system\CodeIgniter.php(419): CodeIgniter\CodeIgniter->runController(Object(Modules\Admin\Controllers\Translations))
#6 C:\xampp\htdocs\oclm\system\CodeIgniter.php(326): CodeIgniter\CodeIgniter->handleRequest(NULL, Object(Config\Cache), false)
#7 C:\xampp\htdocs\oclm\index.php(37): CodeIgniter\CodeIgniter->run()
#8 {main}
