ERROR - 2022-05-16 00:00:28 --> Email: sendWithMail throwed mail(): Failed to connect to mailserver at &quot;localhost&quot; port 25, verify your &quot;SMTP&quot; and &quot;smtp_port&quot; setting in php.ini or use ini_set()
ERROR - 2022-05-16 00:02:38 --> Email: sendWithMail throwed mail(): Failed to connect to mailserver at &quot;localhost&quot; port 25, verify your &quot;SMTP&quot; and &quot;smtp_port&quot; setting in php.ini or use ini_set()
ERROR - 2022-05-16 02:35:20 --> Email: sendWithMail throwed mail(): Failed to connect to mailserver at &quot;localhost&quot; port 25, verify your &quot;SMTP&quot; and &quot;smtp_port&quot; setting in php.ini or use ini_set()
ERROR - 2022-05-16 02:38:33 --> Table 'olm.lang_' doesn't exist
CRITICAL - 2022-05-16 02:38:33 --> Table 'olm.lang_' doesn't exist
#0 C:\xampp\htdocs\oclm\system\Database\MySQLi\Connection.php(292): mysqli->query('UPDATE `lang_` ...', 0)
#1 C:\xampp\htdocs\oclm\system\Database\BaseConnection.php(670): CodeIgniter\Database\MySQLi\Connection->execute('UPDATE `lang_` ...')
#2 C:\xampp\htdocs\oclm\system\Database\BaseConnection.php(598): CodeIgniter\Database\BaseConnection->simpleQuery('UPDATE `lang_` ...')
#3 C:\xampp\htdocs\oclm\system\Database\BaseBuilder.php(1913): CodeIgniter\Database\BaseConnection->query('UPDATE `lang_` ...', Array, false)
#4 C:\xampp\htdocs\oclm\olm\Admin\Models\TranslationsModel.php(35): CodeIgniter\Database\BaseBuilder->update(Array)
#5 C:\xampp\htdocs\oclm\olm\Admin\Controllers\Translations.php(150): Modules\Admin\Models\TranslationsModel->update_translation('lang_', '21', Array)
#6 C:\xampp\htdocs\oclm\system\CodeIgniter.php(832): Modules\Admin\Controllers\Translations->insert_reminder_or_issue('21')
#7 C:\xampp\htdocs\oclm\system\CodeIgniter.php(419): CodeIgniter\CodeIgniter->runController(Object(Modules\Admin\Controllers\Translations))
#8 C:\xampp\htdocs\oclm\system\CodeIgniter.php(326): CodeIgniter\CodeIgniter->handleRequest(NULL, Object(Config\Cache), false)
#9 C:\xampp\htdocs\oclm\index.php(37): CodeIgniter\CodeIgniter->run()
#10 {main}
ERROR - 2022-05-16 02:38:52 --> Email: sendWithMail throwed mail(): Failed to connect to mailserver at &quot;localhost&quot; port 25, verify your &quot;SMTP&quot; and &quot;smtp_port&quot; setting in php.ini or use ini_set()
ERROR - 2022-05-16 02:39:08 --> Table 'olm.lang_' doesn't exist
CRITICAL - 2022-05-16 02:39:08 --> Table 'olm.lang_' doesn't exist
#0 C:\xampp\htdocs\oclm\system\Database\MySQLi\Connection.php(292): mysqli->query('UPDATE `lang_` ...', 0)
#1 C:\xampp\htdocs\oclm\system\Database\BaseConnection.php(670): CodeIgniter\Database\MySQLi\Connection->execute('UPDATE `lang_` ...')
#2 C:\xampp\htdocs\oclm\system\Database\BaseConnection.php(598): CodeIgniter\Database\BaseConnection->simpleQuery('UPDATE `lang_` ...')
#3 C:\xampp\htdocs\oclm\system\Database\BaseBuilder.php(1913): CodeIgniter\Database\BaseConnection->query('UPDATE `lang_` ...', Array, false)
#4 C:\xampp\htdocs\oclm\olm\Admin\Models\TranslationsModel.php(35): CodeIgniter\Database\BaseBuilder->update(Array)
#5 C:\xampp\htdocs\oclm\olm\Admin\Controllers\Translations.php(150): Modules\Admin\Models\TranslationsModel->update_translation('lang_', '22', Array)
#6 C:\xampp\htdocs\oclm\system\CodeIgniter.php(832): Modules\Admin\Controllers\Translations->insert_reminder_or_issue('22')
#7 C:\xampp\htdocs\oclm\system\CodeIgniter.php(419): CodeIgniter\CodeIgniter->runController(Object(Modules\Admin\Controllers\Translations))
#8 C:\xampp\htdocs\oclm\system\CodeIgniter.php(326): CodeIgniter\CodeIgniter->handleRequest(NULL, Object(Config\Cache), false)
#9 C:\xampp\htdocs\oclm\index.php(37): CodeIgniter\CodeIgniter->run()
#10 {main}
ERROR - 2022-05-16 02:44:38 --> Email: sendWithMail throwed mail(): Failed to connect to mailserver at &quot;localhost&quot; port 25, verify your &quot;SMTP&quot; and &quot;smtp_port&quot; setting in php.ini or use ini_set()
ERROR - 2022-05-16 02:44:49 --> Email: sendWithMail throwed mail(): Failed to connect to mailserver at &quot;localhost&quot; port 25, verify your &quot;SMTP&quot; and &quot;smtp_port&quot; setting in php.ini or use ini_set()
ERROR - 2022-05-16 02:45:07 --> Email: sendWithMail throwed mail(): Failed to connect to mailserver at &quot;localhost&quot; port 25, verify your &quot;SMTP&quot; and &quot;smtp_port&quot; setting in php.ini or use ini_set()
ERROR - 2022-05-16 03:30:52 --> Email: sendWithMail throwed mail(): Failed to connect to mailserver at &quot;localhost&quot; port 25, verify your &quot;SMTP&quot; and &quot;smtp_port&quot; setting in php.ini or use ini_set()
ERROR - 2022-05-16 03:32:19 --> Email: sendWithMail throwed mail(): Failed to connect to mailserver at &quot;localhost&quot; port 25, verify your &quot;SMTP&quot; and &quot;smtp_port&quot; setting in php.ini or use ini_set()
CRITICAL - 2022-05-16 03:36:34 --> Maximum execution time of 120 seconds exceeded
#0 [internal function]: CodeIgniter\Debug\Exceptions->shutdownHandler()
#1 {main}
ERROR - 2022-05-16 03:51:20 --> Email: sendWithMail throwed mail(): Failed to connect to mailserver at &quot;localhost&quot; port 25, verify your &quot;SMTP&quot; and &quot;smtp_port&quot; setting in php.ini or use ini_set()
ERROR - 2022-05-16 03:52:31 --> Email: sendWithMail throwed mail(): Failed to connect to mailserver at &quot;localhost&quot; port 25, verify your &quot;SMTP&quot; and &quot;smtp_port&quot; setting in php.ini or use ini_set()
ERROR - 2022-05-16 06:28:15 --> Email: sendWithMail throwed mail(): Failed to connect to mailserver at &quot;localhost&quot; port 25, verify your &quot;SMTP&quot; and &quot;smtp_port&quot; setting in php.ini or use ini_set()
CRITICAL - 2022-05-16 06:35:23 --> Undefined variable: Langs
#0 C:\xampp\htdocs\oclm\olm\Admin\Models\TranslationsModel.php(50): CodeIgniter\Debug\Exceptions->errorHandler(8, 'Undefined varia...', 'C:\\xampp\\htdocs...', 50, Array)
#1 C:\xampp\htdocs\oclm\olm\Admin\Controllers\Admin.php(143): Modules\Admin\Models\TranslationsModel->get_reminders_and_issues(Array, 2, '6')
#2 C:\xampp\htdocs\oclm\system\CodeIgniter.php(832): Modules\Admin\Controllers\Admin->dashboard()
#3 C:\xampp\htdocs\oclm\system\CodeIgniter.php(419): CodeIgniter\CodeIgniter->runController(Object(Modules\Admin\Controllers\Admin))
#4 C:\xampp\htdocs\oclm\system\CodeIgniter.php(326): CodeIgniter\CodeIgniter->handleRequest(NULL, Object(Config\Cache), false)
#5 C:\xampp\htdocs\oclm\index.php(37): CodeIgniter\CodeIgniter->run()
#6 {main}
CRITICAL - 2022-05-16 06:36:54 --> Undefined variable: Langs
#0 C:\xampp\htdocs\oclm\olm\Admin\Models\TranslationsModel.php(56): CodeIgniter\Debug\Exceptions->errorHandler(8, 'Undefined varia...', 'C:\\xampp\\htdocs...', 56, Array)
#1 C:\xampp\htdocs\oclm\olm\Admin\Controllers\Admin.php(144): Modules\Admin\Models\TranslationsModel->get_reminders_and_issues(Array, 3, '6')
#2 C:\xampp\htdocs\oclm\system\CodeIgniter.php(832): Modules\Admin\Controllers\Admin->dashboard()
#3 C:\xampp\htdocs\oclm\system\CodeIgniter.php(419): CodeIgniter\CodeIgniter->runController(Object(Modules\Admin\Controllers\Admin))
#4 C:\xampp\htdocs\oclm\system\CodeIgniter.php(326): CodeIgniter\CodeIgniter->handleRequest(NULL, Object(Config\Cache), false)
#5 C:\xampp\htdocs\oclm\index.php(37): CodeIgniter\CodeIgniter->run()
#6 {main}
CRITICAL - 2022-05-16 06:40:07 --> Undefined variable: data
#0 C:\xampp\htdocs\oclm\olm\Admin\Models\TranslationsModel.php(53): CodeIgniter\Debug\Exceptions->errorHandler(8, 'Undefined varia...', 'C:\\xampp\\htdocs...', 53, Array)
#1 C:\xampp\htdocs\oclm\olm\Admin\Controllers\Admin.php(143): Modules\Admin\Models\TranslationsModel->get_reminders_and_issues(Array, 2, '6')
#2 C:\xampp\htdocs\oclm\system\CodeIgniter.php(832): Modules\Admin\Controllers\Admin->dashboard()
#3 C:\xampp\htdocs\oclm\system\CodeIgniter.php(419): CodeIgniter\CodeIgniter->runController(Object(Modules\Admin\Controllers\Admin))
#4 C:\xampp\htdocs\oclm\system\CodeIgniter.php(326): CodeIgniter\CodeIgniter->handleRequest(NULL, Object(Config\Cache), false)
#5 C:\xampp\htdocs\oclm\index.php(37): CodeIgniter\CodeIgniter->run()
#6 {main}
CRITICAL - 2022-05-16 06:40:12 --> Undefined variable: data
#0 C:\xampp\htdocs\oclm\olm\Admin\Models\TranslationsModel.php(53): CodeIgniter\Debug\Exceptions->errorHandler(8, 'Undefined varia...', 'C:\\xampp\\htdocs...', 53, Array)
#1 C:\xampp\htdocs\oclm\olm\Admin\Controllers\Admin.php(143): Modules\Admin\Models\TranslationsModel->get_reminders_and_issues(Array, 2, '6')
#2 C:\xampp\htdocs\oclm\system\CodeIgniter.php(832): Modules\Admin\Controllers\Admin->dashboard()
#3 C:\xampp\htdocs\oclm\system\CodeIgniter.php(419): CodeIgniter\CodeIgniter->runController(Object(Modules\Admin\Controllers\Admin))
#4 C:\xampp\htdocs\oclm\system\CodeIgniter.php(326): CodeIgniter\CodeIgniter->handleRequest(NULL, Object(Config\Cache), false)
#5 C:\xampp\htdocs\oclm\index.php(37): CodeIgniter\CodeIgniter->run()
#6 {main}
CRITICAL - 2022-05-16 06:44:21 --> syntax error, unexpected 'if' (T_IF)
#0 C:\xampp\htdocs\oclm\system\View\View.php(213): CodeIgniter\View\View->CodeIgniter\View\{closure}()
#1 C:\xampp\htdocs\oclm\system\Common.php(1089): CodeIgniter\View\View->render('Modules\\Admin\\V...', Array, true)
#2 C:\xampp\htdocs\oclm\olm\Admin\Controllers\Admin.php(159): view('Modules\\Admin\\V...', Array)
#3 C:\xampp\htdocs\oclm\system\CodeIgniter.php(832): Modules\Admin\Controllers\Admin->dashboard()
#4 C:\xampp\htdocs\oclm\system\CodeIgniter.php(419): CodeIgniter\CodeIgniter->runController(Object(Modules\Admin\Controllers\Admin))
#5 C:\xampp\htdocs\oclm\system\CodeIgniter.php(326): CodeIgniter\CodeIgniter->handleRequest(NULL, Object(Config\Cache), false)
#6 C:\xampp\htdocs\oclm\index.php(37): CodeIgniter\CodeIgniter->run()
#7 {main}
CRITICAL - 2022-05-16 06:50:20 --> Call to undefined function lprint_r()
#0 C:\xampp\htdocs\oclm\system\View\View.php(210): include()
#1 C:\xampp\htdocs\oclm\system\View\View.php(213): CodeIgniter\View\View->CodeIgniter\View\{closure}()
#2 C:\xampp\htdocs\oclm\system\Common.php(1089): CodeIgniter\View\View->render('Modules\\Admin\\V...', Array, true)
#3 C:\xampp\htdocs\oclm\olm\Admin\Controllers\Admin.php(159): view('Modules\\Admin\\V...', Array)
#4 C:\xampp\htdocs\oclm\system\CodeIgniter.php(832): Modules\Admin\Controllers\Admin->dashboard()
#5 C:\xampp\htdocs\oclm\system\CodeIgniter.php(419): CodeIgniter\CodeIgniter->runController(Object(Modules\Admin\Controllers\Admin))
#6 C:\xampp\htdocs\oclm\system\CodeIgniter.php(326): CodeIgniter\CodeIgniter->handleRequest(NULL, Object(Config\Cache), false)
#7 C:\xampp\htdocs\oclm\index.php(37): CodeIgniter\CodeIgniter->run()
#8 {main}
CRITICAL - 2022-05-16 06:53:34 --> Invalid argument supplied for foreach()
#0 C:\xampp\htdocs\oclm\olm\Admin\Views\dashboard.php(126): CodeIgniter\Debug\Exceptions->errorHandler(2, 'Invalid argumen...', 'C:\\xampp\\htdocs...', 126, Array)
#1 C:\xampp\htdocs\oclm\system\View\View.php(210): include('C:\\xampp\\htdocs...')
#2 C:\xampp\htdocs\oclm\system\View\View.php(213): CodeIgniter\View\View->CodeIgniter\View\{closure}()
#3 C:\xampp\htdocs\oclm\system\Common.php(1089): CodeIgniter\View\View->render('Modules\\Admin\\V...', Array, true)
#4 C:\xampp\htdocs\oclm\olm\Admin\Controllers\Admin.php(159): view('Modules\\Admin\\V...', Array)
#5 C:\xampp\htdocs\oclm\system\CodeIgniter.php(832): Modules\Admin\Controllers\Admin->dashboard()
#6 C:\xampp\htdocs\oclm\system\CodeIgniter.php(419): CodeIgniter\CodeIgniter->runController(Object(Modules\Admin\Controllers\Admin))
#7 C:\xampp\htdocs\oclm\system\CodeIgniter.php(326): CodeIgniter\CodeIgniter->handleRequest(NULL, Object(Config\Cache), false)
#8 C:\xampp\htdocs\oclm\index.php(37): CodeIgniter\CodeIgniter->run()
#9 {main}
CRITICAL - 2022-05-16 06:54:39 --> Invalid argument supplied for foreach()
#0 C:\xampp\htdocs\oclm\olm\Admin\Views\dashboard.php(126): CodeIgniter\Debug\Exceptions->errorHandler(2, 'Invalid argumen...', 'C:\\xampp\\htdocs...', 126, Array)
#1 C:\xampp\htdocs\oclm\system\View\View.php(210): include('C:\\xampp\\htdocs...')
#2 C:\xampp\htdocs\oclm\system\View\View.php(213): CodeIgniter\View\View->CodeIgniter\View\{closure}()
#3 C:\xampp\htdocs\oclm\system\Common.php(1089): CodeIgniter\View\View->render('Modules\\Admin\\V...', Array, true)
#4 C:\xampp\htdocs\oclm\olm\Admin\Controllers\Admin.php(159): view('Modules\\Admin\\V...', Array)
#5 C:\xampp\htdocs\oclm\system\CodeIgniter.php(832): Modules\Admin\Controllers\Admin->dashboard()
#6 C:\xampp\htdocs\oclm\system\CodeIgniter.php(419): CodeIgniter\CodeIgniter->runController(Object(Modules\Admin\Controllers\Admin))
#7 C:\xampp\htdocs\oclm\system\CodeIgniter.php(326): CodeIgniter\CodeIgniter->handleRequest(NULL, Object(Config\Cache), false)
#8 C:\xampp\htdocs\oclm\index.php(37): CodeIgniter\CodeIgniter->run()
#9 {main}
CRITICAL - 2022-05-16 06:54:53 --> Invalid argument supplied for foreach()
#0 C:\xampp\htdocs\oclm\olm\Admin\Views\dashboard.php(126): CodeIgniter\Debug\Exceptions->errorHandler(2, 'Invalid argumen...', 'C:\\xampp\\htdocs...', 126, Array)
#1 C:\xampp\htdocs\oclm\system\View\View.php(210): include('C:\\xampp\\htdocs...')
#2 C:\xampp\htdocs\oclm\system\View\View.php(213): CodeIgniter\View\View->CodeIgniter\View\{closure}()
#3 C:\xampp\htdocs\oclm\system\Common.php(1089): CodeIgniter\View\View->render('Modules\\Admin\\V...', Array, true)
#4 C:\xampp\htdocs\oclm\olm\Admin\Controllers\Admin.php(159): view('Modules\\Admin\\V...', Array)
#5 C:\xampp\htdocs\oclm\system\CodeIgniter.php(832): Modules\Admin\Controllers\Admin->dashboard()
#6 C:\xampp\htdocs\oclm\system\CodeIgniter.php(419): CodeIgniter\CodeIgniter->runController(Object(Modules\Admin\Controllers\Admin))
#7 C:\xampp\htdocs\oclm\system\CodeIgniter.php(326): CodeIgniter\CodeIgniter->handleRequest(NULL, Object(Config\Cache), false)
#8 C:\xampp\htdocs\oclm\index.php(37): CodeIgniter\CodeIgniter->run()
#9 {main}
CRITICAL - 2022-05-16 06:57:17 --> Cannot use a scalar value as an array
#0 C:\xampp\htdocs\oclm\olm\Admin\Models\TranslationsModel.php(50): CodeIgniter\Debug\Exceptions->errorHandler(2, 'Cannot use a sc...', 'C:\\xampp\\htdocs...', 50, Array)
#1 C:\xampp\htdocs\oclm\olm\Admin\Controllers\Admin.php(143): Modules\Admin\Models\TranslationsModel->get_reminders_and_issues(Array, 2, '6')
#2 C:\xampp\htdocs\oclm\system\CodeIgniter.php(832): Modules\Admin\Controllers\Admin->dashboard()
#3 C:\xampp\htdocs\oclm\system\CodeIgniter.php(419): CodeIgniter\CodeIgniter->runController(Object(Modules\Admin\Controllers\Admin))
#4 C:\xampp\htdocs\oclm\system\CodeIgniter.php(326): CodeIgniter\CodeIgniter->handleRequest(NULL, Object(Config\Cache), false)
#5 C:\xampp\htdocs\oclm\index.php(37): CodeIgniter\CodeIgniter->run()
#6 {main}
CRITICAL - 2022-05-16 07:05:19 --> Undefined index: Chinese
#0 C:\xampp\htdocs\oclm\olm\Admin\Models\TranslationsModel.php(50): CodeIgniter\Debug\Exceptions->errorHandler(8, 'Undefined index...', 'C:\\xampp\\htdocs...', 50, Array)
#1 C:\xampp\htdocs\oclm\olm\Admin\Controllers\Admin.php(143): Modules\Admin\Models\TranslationsModel->get_reminders_and_issues(Array, 2, '6')
#2 C:\xampp\htdocs\oclm\system\CodeIgniter.php(832): Modules\Admin\Controllers\Admin->dashboard()
#3 C:\xampp\htdocs\oclm\system\CodeIgniter.php(419): CodeIgniter\CodeIgniter->runController(Object(Modules\Admin\Controllers\Admin))
#4 C:\xampp\htdocs\oclm\system\CodeIgniter.php(326): CodeIgniter\CodeIgniter->handleRequest(NULL, Object(Config\Cache), false)
#5 C:\xampp\htdocs\oclm\index.php(37): CodeIgniter\CodeIgniter->run()
#6 {main}
CRITICAL - 2022-05-16 07:05:46 --> Cannot use a scalar value as an array
#0 C:\xampp\htdocs\oclm\olm\Admin\Models\TranslationsModel.php(49): CodeIgniter\Debug\Exceptions->errorHandler(2, 'Cannot use a sc...', 'C:\\xampp\\htdocs...', 49, Array)
#1 C:\xampp\htdocs\oclm\olm\Admin\Controllers\Admin.php(143): Modules\Admin\Models\TranslationsModel->get_reminders_and_issues(Array, 2, '6')
#2 C:\xampp\htdocs\oclm\system\CodeIgniter.php(832): Modules\Admin\Controllers\Admin->dashboard()
#3 C:\xampp\htdocs\oclm\system\CodeIgniter.php(419): CodeIgniter\CodeIgniter->runController(Object(Modules\Admin\Controllers\Admin))
#4 C:\xampp\htdocs\oclm\system\CodeIgniter.php(326): CodeIgniter\CodeIgniter->handleRequest(NULL, Object(Config\Cache), false)
#5 C:\xampp\htdocs\oclm\index.php(37): CodeIgniter\CodeIgniter->run()
#6 {main}
CRITICAL - 2022-05-16 07:06:40 --> syntax error, unexpected ',', expecting ']'
#0 C:\xampp\htdocs\oclm\system\Autoloader\Autoloader.php(241): CodeIgniter\Autoloader\Autoloader->includeFile('C:\\xampp\\htdocs...')
#1 C:\xampp\htdocs\oclm\system\Autoloader\Autoloader.php(219): CodeIgniter\Autoloader\Autoloader->loadInNamespace('Modules\\Admin\\M...')
#2 [internal function]: CodeIgniter\Autoloader\Autoloader->loadClass('Modules\\Admin\\M...')
#3 C:\xampp\htdocs\oclm\olm\Admin\Controllers\Admin.php(15): spl_autoload_call('Modules\\Admin\\M...')
#4 C:\xampp\htdocs\oclm\system\CodeIgniter.php(809): Modules\Admin\Controllers\Admin->__construct()
#5 C:\xampp\htdocs\oclm\system\CodeIgniter.php(410): CodeIgniter\CodeIgniter->createController()
#6 C:\xampp\htdocs\oclm\system\CodeIgniter.php(326): CodeIgniter\CodeIgniter->handleRequest(NULL, Object(Config\Cache), false)
#7 C:\xampp\htdocs\oclm\index.php(37): CodeIgniter\CodeIgniter->run()
#8 {main}
CRITICAL - 2022-05-16 07:08:42 --> syntax error, unexpected ',', expecting ';'
#0 C:\xampp\htdocs\oclm\system\Autoloader\Autoloader.php(241): CodeIgniter\Autoloader\Autoloader->includeFile('C:\\xampp\\htdocs...')
#1 C:\xampp\htdocs\oclm\system\Autoloader\Autoloader.php(219): CodeIgniter\Autoloader\Autoloader->loadInNamespace('Modules\\Admin\\M...')
#2 [internal function]: CodeIgniter\Autoloader\Autoloader->loadClass('Modules\\Admin\\M...')
#3 C:\xampp\htdocs\oclm\olm\Admin\Controllers\Admin.php(15): spl_autoload_call('Modules\\Admin\\M...')
#4 C:\xampp\htdocs\oclm\system\CodeIgniter.php(809): Modules\Admin\Controllers\Admin->__construct()
#5 C:\xampp\htdocs\oclm\system\CodeIgniter.php(410): CodeIgniter\CodeIgniter->createController()
#6 C:\xampp\htdocs\oclm\system\CodeIgniter.php(326): CodeIgniter\CodeIgniter->handleRequest(NULL, Object(Config\Cache), false)
#7 C:\xampp\htdocs\oclm\index.php(37): CodeIgniter\CodeIgniter->run()
#8 {main}
CRITICAL - 2022-05-16 07:09:20 --> Undefined index: Count
#0 C:\xampp\htdocs\oclm\olm\Admin\Models\TranslationsModel.php(51): CodeIgniter\Debug\Exceptions->errorHandler(8, 'Undefined index...', 'C:\\xampp\\htdocs...', 51, Array)
#1 C:\xampp\htdocs\oclm\olm\Admin\Controllers\Admin.php(143): Modules\Admin\Models\TranslationsModel->get_reminders_and_issues(Array, 2, '6')
#2 C:\xampp\htdocs\oclm\system\CodeIgniter.php(832): Modules\Admin\Controllers\Admin->dashboard()
#3 C:\xampp\htdocs\oclm\system\CodeIgniter.php(419): CodeIgniter\CodeIgniter->runController(Object(Modules\Admin\Controllers\Admin))
#4 C:\xampp\htdocs\oclm\system\CodeIgniter.php(326): CodeIgniter\CodeIgniter->handleRequest(NULL, Object(Config\Cache), false)
#5 C:\xampp\htdocs\oclm\index.php(37): CodeIgniter\CodeIgniter->run()
#6 {main}
CRITICAL - 2022-05-16 07:11:28 --> Undefined index: LangID
#0 C:\xampp\htdocs\oclm\olm\Admin\Views\dashboard.php(130): CodeIgniter\Debug\Exceptions->errorHandler(8, 'Undefined index...', 'C:\\xampp\\htdocs...', 130, Array)
#1 C:\xampp\htdocs\oclm\system\View\View.php(210): include('C:\\xampp\\htdocs...')
#2 C:\xampp\htdocs\oclm\system\View\View.php(213): CodeIgniter\View\View->CodeIgniter\View\{closure}()
#3 C:\xampp\htdocs\oclm\system\Common.php(1089): CodeIgniter\View\View->render('Modules\\Admin\\V...', Array, true)
#4 C:\xampp\htdocs\oclm\olm\Admin\Controllers\Admin.php(160): view('Modules\\Admin\\V...', Array)
#5 C:\xampp\htdocs\oclm\system\CodeIgniter.php(832): Modules\Admin\Controllers\Admin->dashboard()
#6 C:\xampp\htdocs\oclm\system\CodeIgniter.php(419): CodeIgniter\CodeIgniter->runController(Object(Modules\Admin\Controllers\Admin))
#7 C:\xampp\htdocs\oclm\system\CodeIgniter.php(326): CodeIgniter\CodeIgniter->handleRequest(NULL, Object(Config\Cache), false)
#8 C:\xampp\htdocs\oclm\index.php(37): CodeIgniter\CodeIgniter->run()
#9 {main}
CRITICAL - 2022-05-16 07:13:24 --> Undefined index: LangID
#0 C:\xampp\htdocs\oclm\olm\Admin\Views\dashboard.php(175): CodeIgniter\Debug\Exceptions->errorHandler(8, 'Undefined index...', 'C:\\xampp\\htdocs...', 175, Array)
#1 C:\xampp\htdocs\oclm\system\View\View.php(210): include('C:\\xampp\\htdocs...')
#2 C:\xampp\htdocs\oclm\system\View\View.php(213): CodeIgniter\View\View->CodeIgniter\View\{closure}()
#3 C:\xampp\htdocs\oclm\system\Common.php(1089): CodeIgniter\View\View->render('Modules\\Admin\\V...', Array, true)
#4 C:\xampp\htdocs\oclm\olm\Admin\Controllers\Admin.php(159): view('Modules\\Admin\\V...', Array)
#5 C:\xampp\htdocs\oclm\system\CodeIgniter.php(832): Modules\Admin\Controllers\Admin->dashboard()
#6 C:\xampp\htdocs\oclm\system\CodeIgniter.php(419): CodeIgniter\CodeIgniter->runController(Object(Modules\Admin\Controllers\Admin))
#7 C:\xampp\htdocs\oclm\system\CodeIgniter.php(326): CodeIgniter\CodeIgniter->handleRequest(NULL, Object(Config\Cache), false)
#8 C:\xampp\htdocs\oclm\index.php(37): CodeIgniter\CodeIgniter->run()
#9 {main}
ERROR - 2022-05-16 07:18:25 --> Email: sendWithMail throwed mail(): Failed to connect to mailserver at &quot;localhost&quot; port 25, verify your &quot;SMTP&quot; and &quot;smtp_port&quot; setting in php.ini or use ini_set()
CRITICAL - 2022-05-16 07:20:06 --> Invalid argument supplied for foreach()
#0 C:\xampp\htdocs\oclm\olm\Admin\Views\view_translations.php(33): CodeIgniter\Debug\Exceptions->errorHandler(2, 'Invalid argumen...', 'C:\\xampp\\htdocs...', 33, Array)
#1 C:\xampp\htdocs\oclm\system\View\View.php(210): include('C:\\xampp\\htdocs...')
#2 C:\xampp\htdocs\oclm\system\View\View.php(213): CodeIgniter\View\View->CodeIgniter\View\{closure}()
#3 C:\xampp\htdocs\oclm\system\Common.php(1089): CodeIgniter\View\View->render('Modules\\Admin\\V...', Array, true)
#4 C:\xampp\htdocs\oclm\olm\Admin\Controllers\Users.php(154): view('Modules\\Admin\\V...', Array)
#5 C:\xampp\htdocs\oclm\system\CodeIgniter.php(832): Modules\Admin\Controllers\Users->view_translations('6')
#6 C:\xampp\htdocs\oclm\system\CodeIgniter.php(419): CodeIgniter\CodeIgniter->runController(Object(Modules\Admin\Controllers\Users))
#7 C:\xampp\htdocs\oclm\system\CodeIgniter.php(326): CodeIgniter\CodeIgniter->handleRequest(NULL, Object(Config\Cache), false)
#8 C:\xampp\htdocs\oclm\index.php(37): CodeIgniter\CodeIgniter->run()
#9 {main}
ERROR - 2022-05-16 08:06:16 --> Email: sendWithMail throwed mail(): Failed to connect to mailserver at &quot;localhost&quot; port 25, verify your &quot;SMTP&quot; and &quot;smtp_port&quot; setting in php.ini or use ini_set()
ERROR - 2022-05-16 08:06:40 --> Email: sendWithMail throwed mail(): Failed to connect to mailserver at &quot;localhost&quot; port 25, verify your &quot;SMTP&quot; and &quot;smtp_port&quot; setting in php.ini or use ini_set()
CRITICAL - 2022-05-16 23:52:13 --> syntax error, unexpected ''.</h6>'' (T_CONSTANT_ENCAPSED_STRING), expecting ';' or ','
#0 C:\xampp\htdocs\oclm\system\View\View.php(213): CodeIgniter\View\View->CodeIgniter\View\{closure}()
#1 C:\xampp\htdocs\oclm\system\Common.php(1089): CodeIgniter\View\View->render('Modules\\Admin\\V...', Array, true)
#2 C:\xampp\htdocs\oclm\olm\Admin\Controllers\Roles.php(56): view('Modules\\Admin\\V...', Array)
#3 C:\xampp\htdocs\oclm\system\CodeIgniter.php(832): Modules\Admin\Controllers\Roles->index()
#4 C:\xampp\htdocs\oclm\system\CodeIgniter.php(419): CodeIgniter\CodeIgniter->runController(Object(Modules\Admin\Controllers\Roles))
#5 C:\xampp\htdocs\oclm\system\CodeIgniter.php(326): CodeIgniter\CodeIgniter->handleRequest(NULL, Object(Config\Cache), false)
#6 C:\xampp\htdocs\oclm\index.php(37): CodeIgniter\CodeIgniter->run()
#7 {main}
