CRITICAL - 2022-06-15 04:19:52 --> Call to undefined function set_value()
#0 C:\xampp\htdocs\wisadmin\system\View\View.php(210): include()
#1 C:\xampp\htdocs\wisadmin\system\View\View.php(213): CodeIgniter\View\View->CodeIgniter\View\{closure}()
#2 C:\xampp\htdocs\wisadmin\system\Common.php(1089): CodeIgniter\View\View->render('Modules\\Admin\\V...', Array, true)
#3 C:\xampp\htdocs\wisadmin\wis\Admin\Controllers\Admin.php(29): view('Modules\\Admin\\V...')
#4 C:\xampp\htdocs\wisadmin\system\CodeIgniter.php(832): Modules\Admin\Controllers\Admin->index()
#5 C:\xampp\htdocs\wisadmin\system\CodeIgniter.php(419): CodeIgniter\CodeIgniter->runController(Object(Modules\Admin\Controllers\Admin))
#6 C:\xampp\htdocs\wisadmin\system\CodeIgniter.php(326): CodeIgniter\CodeIgniter->handleRequest(NULL, Object(Config\Cache), false)
#7 C:\xampp\htdocs\wisadmin\index.php(37): CodeIgniter\CodeIgniter->run()
#8 {main}
CRITICAL - 2022-06-15 04:20:33 --> Call to undefined function set_value()
#0 C:\xampp\htdocs\wisadmin\system\View\View.php(210): include()
#1 C:\xampp\htdocs\wisadmin\system\View\View.php(213): CodeIgniter\View\View->CodeIgniter\View\{closure}()
#2 C:\xampp\htdocs\wisadmin\system\Common.php(1089): CodeIgniter\View\View->render('Modules\\Admin\\V...', Array, true)
#3 C:\xampp\htdocs\wisadmin\wis\Admin\Controllers\Admin.php(29): view('Modules\\Admin\\V...')
#4 C:\xampp\htdocs\wisadmin\system\CodeIgniter.php(832): Modules\Admin\Controllers\Admin->index()
#5 C:\xampp\htdocs\wisadmin\system\CodeIgniter.php(419): CodeIgniter\CodeIgniter->runController(Object(Modules\Admin\Controllers\Admin))
#6 C:\xampp\htdocs\wisadmin\system\CodeIgniter.php(326): CodeIgniter\CodeIgniter->handleRequest(NULL, Object(Config\Cache), false)
#7 C:\xampp\htdocs\wisadmin\index.php(37): CodeIgniter\CodeIgniter->run()
#8 {main}
ERROR - 2022-06-15 04:23:14 --> Error connecting to the database: Access denied for user ''@'localhost' (using password: NO)
CRITICAL - 2022-06-15 04:23:14 --> Unable to connect to the database.
Main connection [MySQLi]: Access denied for user ''@'localhost' (using password: NO)
#0 C:\xampp\htdocs\wisadmin\system\Database\BaseConnection.php(577): CodeIgniter\Database\BaseConnection->initialize()
#1 C:\xampp\htdocs\wisadmin\system\Database\BaseBuilder.php(1455): CodeIgniter\Database\BaseConnection->query('SELECT *\nFROM `...', Array, false)
#2 C:\xampp\htdocs\wisadmin\system\Model.php(210): CodeIgniter\Database\BaseBuilder->get()
#3 C:\xampp\htdocs\wisadmin\system\BaseModel.php(622): CodeIgniter\Model->doFirst()
#4 C:\xampp\htdocs\wisadmin\wis\Admin\Controllers\Admin.php(14): CodeIgniter\BaseModel->first()
#5 C:\xampp\htdocs\wisadmin\system\CodeIgniter.php(832): Modules\Admin\Controllers\Admin->index()
#6 C:\xampp\htdocs\wisadmin\system\CodeIgniter.php(419): CodeIgniter\CodeIgniter->runController(Object(Modules\Admin\Controllers\Admin))
#7 C:\xampp\htdocs\wisadmin\system\CodeIgniter.php(326): CodeIgniter\CodeIgniter->handleRequest(NULL, Object(Config\Cache), false)
#8 C:\xampp\htdocs\wisadmin\index.php(37): CodeIgniter\CodeIgniter->run()
#9 {main}
CRITICAL - 2022-06-15 04:23:56 --> Call to undefined method Modules\Admin\Models\AdminsModel::get_expiry_settings
#0 C:\xampp\htdocs\wisadmin\wis\Admin\Controllers\Admin.php(15): CodeIgniter\Model->__call('get_expiry_sett...', Array)
#1 C:\xampp\htdocs\wisadmin\system\CodeIgniter.php(832): Modules\Admin\Controllers\Admin->index()
#2 C:\xampp\htdocs\wisadmin\system\CodeIgniter.php(419): CodeIgniter\CodeIgniter->runController(Object(Modules\Admin\Controllers\Admin))
#3 C:\xampp\htdocs\wisadmin\system\CodeIgniter.php(326): CodeIgniter\CodeIgniter->handleRequest(NULL, Object(Config\Cache), false)
#4 C:\xampp\htdocs\wisadmin\index.php(37): CodeIgniter\CodeIgniter->run()
#5 {main}
