ERROR - 2022-05-27 04:48:40 --> Email: sendWithMail throwed mail(): Failed to connect to mailserver at &quot;localhost&quot; port 25, verify your &quot;SMTP&quot; and &quot;smtp_port&quot; setting in php.ini or use ini_set()
ERROR - 2022-05-27 04:56:46 --> Email: sendWithMail throwed mail(): Failed to connect to mailserver at &quot;localhost&quot; port 25, verify your &quot;SMTP&quot; and &quot;smtp_port&quot; setting in php.ini or use ini_set()
ERROR - 2022-05-27 06:29:18 --> You have an error in your SQL syntax; check the manual that corresponds to your MariaDB server version for the right syntax to use near 'WHERE Status = 1 AND CID = 1' at line 1
CRITICAL - 2022-05-27 06:29:18 --> You have an error in your SQL syntax; check the manual that corresponds to your MariaDB server version for the right syntax to use near 'WHERE Status = 1 AND CID = 1' at line 1
#0 C:\xampp\htdocs\oclm\system\Database\MySQLi\Connection.php(292): mysqli->query('SELECT LangKeyW...', 0)
#1 C:\xampp\htdocs\oclm\system\Database\BaseConnection.php(670): CodeIgniter\Database\MySQLi\Connection->execute('SELECT LangKeyW...')
#2 C:\xampp\htdocs\oclm\system\Database\BaseConnection.php(598): CodeIgniter\Database\BaseConnection->simpleQuery('SELECT LangKeyW...')
#3 C:\xampp\htdocs\oclm\olm\Admin\Models\TranslationsModel.php(303): CodeIgniter\Database\BaseConnection->query('SELECT LangKeyW...')
#4 C:\xampp\htdocs\oclm\olm\Admin\Controllers\Translations.php(752): Modules\Admin\Models\TranslationsModel->export_translations('Cyrillic')
#5 C:\xampp\htdocs\oclm\system\CodeIgniter.php(832): Modules\Admin\Controllers\Translations->exportFile('Cyrillic')
#6 C:\xampp\htdocs\oclm\system\CodeIgniter.php(419): CodeIgniter\CodeIgniter->runController(Object(Modules\Admin\Controllers\Translations))
#7 C:\xampp\htdocs\oclm\system\CodeIgniter.php(326): CodeIgniter\CodeIgniter->handleRequest(NULL, Object(Config\Cache), false)
#8 C:\xampp\htdocs\oclm\index.php(37): CodeIgniter\CodeIgniter->run()
#9 {main}
CRITICAL - 2022-05-27 06:36:01 --> Array to string conversion
#0 C:\xampp\htdocs\oclm\olm\Admin\Controllers\Translations.php(757): CodeIgniter\Debug\Exceptions->errorHandler(8, 'Array to string...', 'C:\\xampp\\htdocs...', 757, Array)
#1 C:\xampp\htdocs\oclm\system\CodeIgniter.php(832): Modules\Admin\Controllers\Translations->exportFile('Cyrillic')
#2 C:\xampp\htdocs\oclm\system\CodeIgniter.php(419): CodeIgniter\CodeIgniter->runController(Object(Modules\Admin\Controllers\Translations))
#3 C:\xampp\htdocs\oclm\system\CodeIgniter.php(326): CodeIgniter\CodeIgniter->handleRequest(NULL, Object(Config\Cache), false)
#4 C:\xampp\htdocs\oclm\index.php(37): CodeIgniter\CodeIgniter->run()
#5 {main}
CRITICAL - 2022-05-27 06:37:13 --> Array to string conversion
#0 C:\xampp\htdocs\oclm\olm\Admin\Controllers\Translations.php(757): CodeIgniter\Debug\Exceptions->errorHandler(8, 'Array to string...', 'C:\\xampp\\htdocs...', 757, Array)
#1 C:\xampp\htdocs\oclm\system\CodeIgniter.php(832): Modules\Admin\Controllers\Translations->exportFile('Cyrillic')
#2 C:\xampp\htdocs\oclm\system\CodeIgniter.php(419): CodeIgniter\CodeIgniter->runController(Object(Modules\Admin\Controllers\Translations))
#3 C:\xampp\htdocs\oclm\system\CodeIgniter.php(326): CodeIgniter\CodeIgniter->handleRequest(NULL, Object(Config\Cache), false)
#4 C:\xampp\htdocs\oclm\index.php(37): CodeIgniter\CodeIgniter->run()
#5 {main}
ERROR - 2022-05-27 08:10:26 --> Email: sendWithMail throwed mail(): Failed to connect to mailserver at &quot;localhost&quot; port 25, verify your &quot;SMTP&quot; and &quot;smtp_port&quot; setting in php.ini or use ini_set()
